<?xml version="1.0" encoding="UTF-8"?>
<!-- Generated by org.testng.reporters.JUnitXMLReporter -->
<testsuite ignored="0" hostname="LAPTOP-P620LIN7" failures="0" tests="11" name="Regression" time="17.852" errors="0" timestamp="2025-08-29T09:12:54 EET">
  <testcase classname="com.example.Delete" name="DeleteBook_InvalidIdFormat" time="8.1"/>
  <testcase classname="com.example.Delete" name="DeleteBook_ValidId" time="1.692"/>
  <testcase classname="com.example.Get" name="GetBooks_InvalidEndpoint" time="1.831"/>
  <testcase classname="com.example.Get" name="GetBooks_Valid" time="1.971"/>
  <testcase classname="com.example.GetId" name="GetBookById_InvalidIdFormat" time="0.922"/>
  <testcase classname="com.example.GetId" name="GetBookById_NonExistentId" time="0.918"/>
  <testcase classname="com.example.GetId" name="GetBookById_Valid" time="0.722"/>
  <testcase classname="com.example.Post" name="PostBook_MissingFields" time="0.361"/>
  <testcase classname="com.example.Post" name="PostBook_Valid" time="0.407"/>
  <testcase classname="com.example.Put" name="PutBook_MissingFields" time="0.348"/>
  <testcase classname="com.example.Put" name="PutBook_Valid" time="0.366"/>
</testsuite> <!-- Regression -->
