<?xml version="1.0" encoding="UTF-8"?>
<!-- Generated by org.testng.reporters.JUnitXMLReporter -->
<testsuite ignored="0" hostname="LAPTOP-P620LIN7" failures="0" tests="11" name="Regression" time="8.352" errors="0" timestamp="2025-08-28T16:44:02 EET">
  <testcase classname="com.example.Delete" name="DeleteBook_InvalidIdFormat" time="2.18"/>
  <testcase classname="com.example.Delete" name="DeleteBook_ValidId" time="0.637"/>
  <testcase classname="com.example.Get" name="GetBooks_InvalidEndpoint" time="0.273"/>
  <testcase classname="com.example.Get" name="GetBooks_Valid" time="2.701"/>
  <testcase classname="com.example.GetId" name="GetBookById_InvalidIdFormat" time="0.595"/>
  <testcase classname="com.example.GetId" name="GetBookById_NonExistentId" time="0.472"/>
  <testcase classname="com.example.GetId" name="GetBookById_Valid" time="0.385"/>
  <testcase classname="com.example.Post" name="PostBook_MissingFields" time="0.272"/>
  <testcase classname="com.example.Post" name="PostBook_Valid" time="0.284"/>
  <testcase classname="com.example.Put" name="PutBook_MissingFields" time="0.26"/>
  <testcase classname="com.example.Put" name="PutBook_Valid" time="0.242"/>
</testsuite> <!-- Regression -->
