<?xml version="1.0" encoding="UTF-8"?>
<testng-results ignored="0" total="11" passed="11" failed="0" skipped="0">
  <reporter-output>
  </reporter-output>
  <suite started-at="2025-08-29T09:12:36 EET" name="Suite" finished-at="2025-08-29T09:12:54 EET" duration-ms="17852">
    <groups>
    </groups>
    <test started-at="2025-08-29T09:12:36 EET" name="Regression" finished-at="2025-08-29T09:12:54 EET" duration-ms="17852">
      <class name="com.example.Post">
        <test-method signature="PostBook_MissingFields()[pri:0, instance:com.example.Post@74fe5c40]" started-at="2025-08-29T09:12:53 EET" name="PostBook_MissingFields" finished-at="2025-08-29T09:12:53 EET" duration-ms="361" status="PASS">
          <reporter-output>
          </reporter-output>
        </test-method> <!-- PostBook_MissingFields -->
        <test-method signature="PostBook_Valid()[pri:0, instance:com.example.Post@74fe5c40]" started-at="2025-08-29T09:12:53 EET" name="PostBook_Valid" finished-at="2025-08-29T09:12:53 EET" duration-ms="407" status="PASS">
          <reporter-output>
          </reporter-output>
        </test-method> <!-- PostBook_Valid -->
      </class> <!-- com.example.Post -->
      <class name="com.example.Put">
        <test-method signature="PutBook_MissingFields()[pri:0, instance:com.example.Put@3febb011]" started-at="2025-08-29T09:12:53 EET" name="PutBook_MissingFields" finished-at="2025-08-29T09:12:54 EET" duration-ms="348" status="PASS">
          <reporter-output>
          </reporter-output>
        </test-method> <!-- PutBook_MissingFields -->
        <test-method signature="PutBook_Valid()[pri:0, instance:com.example.Put@3febb011]" started-at="2025-08-29T09:12:54 EET" name="PutBook_Valid" finished-at="2025-08-29T09:12:54 EET" duration-ms="366" status="PASS">
          <reporter-output>
          </reporter-output>
        </test-method> <!-- PutBook_Valid -->
      </class> <!-- com.example.Put -->
      <class name="com.example.GetId">
        <test-method signature="GetBookById_InvalidIdFormat()[pri:0, instance:com.example.GetId@436813f3]" started-at="2025-08-29T09:12:50 EET" name="GetBookById_InvalidIdFormat" finished-at="2025-08-29T09:12:51 EET" duration-ms="922" status="PASS">
          <reporter-output>
          </reporter-output>
        </test-method> <!-- GetBookById_InvalidIdFormat -->
        <test-method signature="GetBookById_NonExistentId()[pri:0, instance:com.example.GetId@436813f3]" started-at="2025-08-29T09:12:51 EET" name="GetBookById_NonExistentId" finished-at="2025-08-29T09:12:52 EET" duration-ms="918" status="PASS">
          <reporter-output>
          </reporter-output>
        </test-method> <!-- GetBookById_NonExistentId -->
        <test-method signature="GetBookById_Valid()[pri:0, instance:com.example.GetId@436813f3]" started-at="2025-08-29T09:12:52 EET" name="GetBookById_Valid" finished-at="2025-08-29T09:12:53 EET" duration-ms="722" status="PASS">
          <reporter-output>
          </reporter-output>
        </test-method> <!-- GetBookById_Valid -->
      </class> <!-- com.example.GetId -->
      <class name="com.example.Delete">
        <test-method signature="DeleteBook_InvalidIdFormat()[pri:0, instance:com.example.Delete@36bc55de]" started-at="2025-08-29T09:12:36 EET" name="DeleteBook_InvalidIdFormat" finished-at="2025-08-29T09:12:44 EET" duration-ms="8100" status="PASS">
          <reporter-output>
          </reporter-output>
        </test-method> <!-- DeleteBook_InvalidIdFormat -->
        <test-method signature="DeleteBook_ValidId()[pri:0, instance:com.example.Delete@36bc55de]" started-at="2025-08-29T09:12:45 EET" name="DeleteBook_ValidId" finished-at="2025-08-29T09:12:46 EET" duration-ms="1692" status="PASS">
          <reporter-output>
          </reporter-output>
        </test-method> <!-- DeleteBook_ValidId -->
      </class> <!-- com.example.Delete -->
      <class name="com.example.Get">
        <test-method signature="GetBooks_InvalidEndpoint()[pri:0, instance:com.example.Get@8f4ea7c]" started-at="2025-08-29T09:12:46 EET" name="GetBooks_InvalidEndpoint" finished-at="2025-08-29T09:12:48 EET" duration-ms="1831" status="PASS">
          <reporter-output>
          </reporter-output>
        </test-method> <!-- GetBooks_InvalidEndpoint -->
        <test-method signature="GetBooks_Valid()[pri:0, instance:com.example.Get@8f4ea7c]" started-at="2025-08-29T09:12:48 EET" name="GetBooks_Valid" finished-at="2025-08-29T09:12:50 EET" duration-ms="1971" status="PASS">
          <reporter-output>
          </reporter-output>
        </test-method> <!-- GetBooks_Valid -->
      </class> <!-- com.example.Get -->
    </test> <!-- Regression -->
  </suite> <!-- Suite -->
</testng-results>
