<?xml version="1.0" encoding="UTF-8"?>
<testsuite xmlns:xsi="http://www.w3.org/2001/XMLSchema-instance" xsi:noNamespaceSchemaLocation="https://maven.apache.org/surefire/maven-surefire-plugin/xsd/surefire-test-report.xsd" name="TestSuite" time="20.087" tests="11" errors="0" skipped="0" failures="0">
  <properties>
[...]
</properties>
  <testcase name="DeleteBook_InvalidIdFormat" classname="com.example.Delete" time="8.108"/>
  <testcase name="DeleteBook_ValidId" classname="com.example.Delete" time="1.688"/>
  <testcase name="GetBooks_InvalidEndpoint" classname="com.example.Get" time="1.84"/>
  <testcase name="GetBooks_Valid" classname="com.example.Get" time="3.869"/>
  <testcase name="GetBookById_InvalidIdFormat" classname="com.example.GetId" time="0.017"/>
  <testcase name="GetBookById_NonExistentId" classname="com.example.GetId" time="0"/>
  <testcase name="GetBookById_Valid" classname="com.example.GetId" time="0.671"/>
  <testcase name="PostBook_MissingFields" classname="com.example.Post" time="0.36"/>
  <testcase name="PostBook_Valid" classname="com.example.Post" time="0.403"/>
  <testcase name="PutBook_MissingFields" classname="com.example.Put" time="0.348"/>
  <testcase name="PutBook_Valid" classname="com.example.Put" time="0.372"/>
</testsuite>